<?xml version="1.0" encoding="UTF-8"?>
<testng-results ignored="0" total="1" passed="1" failed="0" skipped="0">
  <reporter-output>
  </reporter-output>
  <suite started-at="2023-09-12T22:42:26 EDT" name="Default suite" finished-at="2023-09-12T22:42:28 EDT" duration-ms="2385">
    <groups>
    </groups>
    <test started-at="2023-09-12T22:42:26 EDT" name="Default test" finished-at="2023-09-12T22:42:28 EDT" duration-ms="2385">
      <class name="authS.BasicAuth">
        <test-method signature="bearertoken()[pri:0, instance:authS.BasicAuth@33d512c1]" started-at="2023-09-12T22:42:26 EDT" name="bearertoken" finished-at="2023-09-12T22:42:28 EDT" duration-ms="2318" status="PASS">
          <reporter-output>
          </reporter-output>
        </test-method> <!-- bearertoken -->
      </class> <!-- authS.BasicAuth -->
    </test> <!-- Default test -->
  </suite> <!-- Default suite -->
</testng-results>
